<?xml version="1.0" encoding="UTF-8"?>
<testng-results ignored="0" total="1" passed="0" failed="1" skipped="0">
  <reporter-output>
  </reporter-output>
              </value>
            </param>
          </params>
          <reporter-output>
          </reporter-output>
        </test-method> <!-- beforeSuite -->
              </value>
            </param>
          </params>
          <reporter-output>
          </reporter-output>
        </test-method> <!-- beforeTest -->
              </value>
            </param>
          </params>
          <reporter-output>
          </reporter-output>
        </test-method> <!-- beforeClass -->
          <params>
            <param index="0">
              <value>
                <![CDATA[public void com.Blackthron.web.allScripts.class1.Lauchbrowser() throws java.lang.Exception]]>
              </value>
            </param>
            <param index="1">
              <value>
              </value>
            </param>
          </params>
          <reporter-output>
          </reporter-output>
        </test-method> <!-- setup -->
          <params>
            <param index="0">
              <value>
                <![CDATA[public void com.Blackthron.web.allScripts.class1.Lauchbrowser() throws java.lang.Exception]]>
              </value>
            </param>
            <param index="1">
              <value>
              </value>
            </param>
          </params>
          <reporter-output>
          </reporter-output>
        </test-method> <!-- getResult -->

              </value>
            </param>
          </params>
          <reporter-output>
          </reporter-output>
        </test-method> <!-- quitbrowser -->

          <reporter-output>
          </reporter-output>
        </test-method> <!-- teardown -->
      </class> <!-- com.Blackthron.web.allScripts.class1 -->
    </test> <!-- Default test -->
  </suite> <!-- Default suite -->
</testng-results>
